<?xml version="1.0" encoding="UTF-8"?>
<testsuite xmlns:xsi="http://www.w3.org/2001/XMLSchema-instance" xsi:noNamespaceSchemaLocation="https://maven.apache.org/surefire/maven-surefire-plugin/xsd/surefire-test-report-3.0.xsd" version="3.0" name="dev.raveen.runnerz.RunnerzApplicationTests" time="2.776" tests="1" errors="0" skipped="0" failures="0">
  <properties>
[...]
</properties>
  <testcase name="contextLoads" classname="dev.raveen.runnerz.RunnerzApplicationTests" time="0.867">
    <system-out><![CDATA[21:54:16.407 [main] INFO org.springframework.test.context.support.AnnotationConfigContextLoaderUtils -- Could not detect default configuration classes for test class [dev.raveen.runnerz.RunnerzApplicationTests]: RunnerzApplicationTests does not declare any static, non-private, non-final, nested classes annotated with @Configuration.
21:54:16.507 [main] INFO org.springframework.boot.test.context.SpringBootTestContextBootstrapper -- Found @SpringBootConfiguration dev.raveen.runnerz.Application for test class dev.raveen.runnerz.RunnerzApplicationTests
21:54:16.651 [main] INFO org.springframework.boot.devtools.restart.RestartApplicationListener -- Restart disabled due to context in which it is running

  .   ____          _            __ _ _
 /\\ / ___'_ __ _ _(_)_ __  __ _ \ \ \ \
( ( )\___ | '_ | '_| | '_ \/ _` | \ \ \ \
 \\/  ___)| |_)| | | | | || (_| |  ) ) ) )
  '  |____| .__|_| |_|_| |_\__, | / / / /
 =========|_|==============|___/=/_/_/_/

 :: Spring Boot ::                (v3.3.5)

2024-10-24T21:54:16.953+05:30  INFO 89550 --- [runnerz] [           main] d.r.runnerz.RunnerzApplicationTests      : Starting RunnerzApplicationTests using Java 22.0.2 with PID 89550 (started by raveen in /Users/raveen/IdeaProjects/spring-boot-rest-client-project)
2024-10-24T21:54:16.954+05:30  INFO 89550 --- [runnerz] [           main] d.r.runnerz.RunnerzApplicationTests      : No active profile set, falling back to 1 default profile: "default"
2024-10-24T21:54:18.081+05:30  INFO 89550 --- [runnerz] [           main] d.r.runnerz.RunnerzApplicationTests      : Started RunnerzApplicationTests in 1.44 seconds (process running for 2.409)
]]></system-out>
    <system-err><![CDATA[WARNING: A Java agent has been loaded dynamically (/Users/raveen/.m2/repository/net/bytebuddy/byte-buddy-agent/1.14.19/byte-buddy-agent-1.14.19.jar)
WARNING: If a serviceability tool is in use, please run with -XX:+EnableDynamicAgentLoading to hide this warning
WARNING: If a serviceability tool is not in use, please run with -Djdk.instrument.traceUsage for more information
WARNING: Dynamic loading of agents will be disallowed by default in a future release
]]></system-err>
  </testcase>
</testsuite>